2025-10-21T05:58:53.967554Z  INFO tailwindcss_oxide::scanner: Provided sources:
2025-10-21T05:58:53.967660Z  INFO tailwindcss_oxide::scanner: Source: PublicSourceEntry { base: "c:\\Users\\USER\\Desktop\\lms\\frontend", pattern: "**/*", negated: false }
2025-10-21T05:58:53.967823Z  INFO tailwindcss_oxide::scanner: Optimized sources:
2025-10-21T05:58:53.967835Z  INFO tailwindcss_oxide::scanner: Source: Auto { base: "C:\\Users\\USER\\Desktop\\lms\\frontend" }
2025-10-21T05:58:53.969441Z  INFO get_files: tailwindcss_oxide::scanner: enter
2025-10-21T05:58:53.969475Z  INFO get_files:scan_sources: tailwindcss_oxide::scanner: enter
2025-10-21T05:58:53.970580Z  INFO get_files:scan_sources: tailwindcss_oxide::scanner: Discovering "C:\\Users\\USER\\Desktop\\lms\\frontend\\eslint.config.js"
2025-10-21T05:58:53.970640Z  INFO get_files:scan_sources: tailwindcss_oxide::scanner: Discovering "C:\\Users\\USER\\Desktop\\lms\\frontend\\index.html"
2025-10-21T05:58:53.970816Z  INFO get_files:scan_sources: tailwindcss_oxide::scanner: Discovering "C:\\Users\\USER\\Desktop\\lms\\frontend\\package.json"
2025-10-21T05:58:53.970886Z  INFO get_files:scan_sources: tailwindcss_oxide::scanner: Discovering "C:\\Users\\USER\\Desktop\\lms\\frontend\\public"
2025-10-21T05:58:53.970978Z  INFO get_files:scan_sources: tailwindcss_oxide::scanner: Discovering "C:\\Users\\USER\\Desktop\\lms\\frontend\\public\\favicon.svg"
2025-10-21T05:58:53.971036Z  INFO get_files:scan_sources: tailwindcss_oxide::scanner: Discovering "C:\\Users\\USER\\Desktop\\lms\\frontend\\README.md"
2025-10-21T05:58:53.971098Z  INFO get_files:scan_sources: tailwindcss_oxide::scanner: Discovering "C:\\Users\\USER\\Desktop\\lms\\frontend\\src"
2025-10-21T05:58:53.971173Z  INFO get_files:scan_sources: tailwindcss_oxide::scanner: Discovering "C:\\Users\\USER\\Desktop\\lms\\frontend\\src\\App.css"
2025-10-21T05:58:53.971213Z  INFO get_files:scan_sources: tailwindcss_oxide::scanner: Discovering "C:\\Users\\USER\\Desktop\\lms\\frontend\\src\\App.jsx"
2025-10-21T05:58:53.971278Z  INFO get_files:scan_sources: tailwindcss_oxide::scanner: Discovering "C:\\Users\\USER\\Desktop\\lms\\frontend\\src\\assets"
2025-10-21T05:58:53.971374Z  INFO get_files:scan_sources: tailwindcss_oxide::scanner: Discovering "C:\\Users\\USER\\Desktop\\lms\\frontend\\src\\assets\\abhishek.JPG"
2025-10-21T05:58:53.971416Z  INFO get_files:scan_sources: tailwindcss_oxide::scanner: Discovering "C:\\Users\\USER\\Desktop\\lms\\frontend\\src\\assets\\accenture_logo.svg"
2025-10-21T05:58:53.971453Z  INFO get_files:scan_sources: tailwindcss_oxide::scanner: Discovering "C:\\Users\\USER\\Desktop\\lms\\frontend\\src\\assets\\add_icon.svg"
2025-10-21T05:58:53.971489Z  INFO get_files:scan_sources: tailwindcss_oxide::scanner: Discovering "C:\\Users\\USER\\Desktop\\lms\\frontend\\src\\assets\\adobe_logo.svg"
2025-10-21T05:58:53.971532Z  INFO get_files:scan_sources: tailwindcss_oxide::scanner: Discovering "C:\\Users\\USER\\Desktop\\lms\\frontend\\src\\assets\\appointments_icon.svg"
2025-10-21T05:58:53.971569Z  INFO get_files:scan_sources: tailwindcss_oxide::scanner: Discovering "C:\\Users\\USER\\Desktop\\lms\\frontend\\src\\assets\\arrow_icon.svg"
2025-10-21T05:58:53.971604Z  INFO get_files:scan_sources: tailwindcss_oxide::scanner: Discovering "C:\\Users\\USER\\Desktop\\lms\\frontend\\src\\assets\\assets.js"
2025-10-21T05:58:53.971642Z  INFO get_files:scan_sources: tailwindcss_oxide::scanner: Discovering "C:\\Users\\USER\\Desktop\\lms\\frontend\\src\\assets\\blue_tick_icon.svg"
2025-10-21T05:58:53.971688Z  INFO get_files:scan_sources: tailwindcss_oxide::scanner: Discovering "C:\\Users\\USER\\Desktop\\lms\\frontend\\src\\assets\\cross_icon.svg"
2025-10-21T05:58:53.971724Z  INFO get_files:scan_sources: tailwindcss_oxide::scanner: Discovering "C:\\Users\\USER\\Desktop\\lms\\frontend\\src\\assets\\down_arrow_icon.svg"
2025-10-21T05:58:53.971760Z  INFO get_files:scan_sources: tailwindcss_oxide::scanner: Discovering "C:\\Users\\USER\\Desktop\\lms\\frontend\\src\\assets\\dropdown_icon.svg"
2025-10-21T05:58:53.971799Z  INFO get_files:scan_sources: tailwindcss_oxide::scanner: Discovering "C:\\Users\\USER\\Desktop\\lms\\frontend\\src\\assets\\earning_icon.svg"
2025-10-21T05:58:53.971867Z  INFO get_files:scan_sources: tailwindcss_oxide::scanner: Discovering "C:\\Users\\USER\\Desktop\\lms\\frontend\\src\\assets\\facebook_icon.svg"
2025-10-21T05:58:53.971905Z  INFO get_files:scan_sources: tailwindcss_oxide::scanner: Discovering "C:\\Users\\USER\\Desktop\\lms\\frontend\\src\\assets\\favicon.svg"
2025-10-21T05:58:53.971940Z  INFO get_files:scan_sources: tailwindcss_oxide::scanner: Discovering "C:\\Users\\USER\\Desktop\\lms\\frontend\\src\\assets\\file_upload_icon.svg"
2025-10-21T05:58:53.971976Z  INFO get_files:scan_sources: tailwindcss_oxide::scanner: Discovering "C:\\Users\\USER\\Desktop\\lms\\frontend\\src\\assets\\home_icon.svg"
2025-10-21T05:58:53.972010Z  INFO get_files:scan_sources: tailwindcss_oxide::scanner: Discovering "C:\\Users\\USER\\Desktop\\lms\\frontend\\src\\assets\\instagram_icon.svg"
2025-10-21T05:58:53.972046Z  INFO get_files:scan_sources: tailwindcss_oxide::scanner: Discovering "C:\\Users\\USER\\Desktop\\lms\\frontend\\src\\assets\\lesson_icon.svg"
2025-10-21T05:58:53.972082Z  INFO get_files:scan_sources: tailwindcss_oxide::scanner: Discovering "C:\\Users\\USER\\Desktop\\lms\\frontend\\src\\assets\\logo.svg"
2025-10-21T05:58:53.972116Z  INFO get_files:scan_sources: tailwindcss_oxide::scanner: Discovering "C:\\Users\\USER\\Desktop\\lms\\frontend\\src\\assets\\logo_dark.svg"
2025-10-21T05:58:53.972151Z  INFO get_files:scan_sources: tailwindcss_oxide::scanner: Discovering "C:\\Users\\USER\\Desktop\\lms\\frontend\\src\\assets\\microsoft_logo.svg"
2025-10-21T05:58:53.972190Z  INFO get_files:scan_sources: tailwindcss_oxide::scanner: Discovering "C:\\Users\\USER\\Desktop\\lms\\frontend\\src\\assets\\my_course_icon.svg"
2025-10-21T05:58:53.972228Z  INFO get_files:scan_sources: tailwindcss_oxide::scanner: Discovering "C:\\Users\\USER\\Desktop\\lms\\frontend\\src\\assets\\patients_icon.svg"
2025-10-21T05:58:53.972263Z  INFO get_files:scan_sources: tailwindcss_oxide::scanner: Discovering "C:\\Users\\USER\\Desktop\\lms\\frontend\\src\\assets\\paypal_logo.svg"
2025-10-21T05:58:53.972299Z  INFO get_files:scan_sources: tailwindcss_oxide::scanner: Discovering "C:\\Users\\USER\\Desktop\\lms\\frontend\\src\\assets\\person_tick_icon.svg"
2025-10-21T05:58:53.972337Z  INFO get_files:scan_sources: tailwindcss_oxide::scanner: Discovering "C:\\Users\\USER\\Desktop\\lms\\frontend\\src\\assets\\play_icon.svg"
2025-10-21T05:58:53.972403Z  INFO get_files:scan_sources: tailwindcss_oxide::scanner: Discovering "C:\\Users\\USER\\Desktop\\lms\\frontend\\src\\assets\\rating_star.svg"
2025-10-21T05:58:53.972441Z  INFO get_files:scan_sources: tailwindcss_oxide::scanner: Discovering "C:\\Users\\USER\\Desktop\\lms\\frontend\\src\\assets\\react.svg"
2025-10-21T05:58:53.972481Z  INFO get_files:scan_sources: tailwindcss_oxide::scanner: Discovering "C:\\Users\\USER\\Desktop\\lms\\frontend\\src\\assets\\rich-text-css.txt"
2025-10-21T05:58:53.972519Z  INFO get_files:scan_sources: tailwindcss_oxide::scanner: Discovering "C:\\Users\\USER\\Desktop\\lms\\frontend\\src\\assets\\search_icon.svg"
2025-10-21T05:58:53.972553Z  INFO get_files:scan_sources: tailwindcss_oxide::scanner: Discovering "C:\\Users\\USER\\Desktop\\lms\\frontend\\src\\assets\\shreyansh.JPG"
2025-10-21T05:58:53.972588Z  INFO get_files:scan_sources: tailwindcss_oxide::scanner: Discovering "C:\\Users\\USER\\Desktop\\lms\\frontend\\src\\assets\\sktech.svg"
2025-10-21T05:58:53.972622Z  INFO get_files:scan_sources: tailwindcss_oxide::scanner: Discovering "C:\\Users\\USER\\Desktop\\lms\\frontend\\src\\assets\\star_dull_icon.svg"
2025-10-21T05:58:53.972659Z  INFO get_files:scan_sources: tailwindcss_oxide::scanner: Discovering "C:\\Users\\USER\\Desktop\\lms\\frontend\\src\\assets\\time_clock_icon.svg"
2025-10-21T05:58:53.972695Z  INFO get_files:scan_sources: tailwindcss_oxide::scanner: Discovering "C:\\Users\\USER\\Desktop\\lms\\frontend\\src\\assets\\time_left_clock_icon.svg"
2025-10-21T05:58:53.972731Z  INFO get_files:scan_sources: tailwindcss_oxide::scanner: Discovering "C:\\Users\\USER\\Desktop\\lms\\frontend\\src\\assets\\twitter_icon.svg"
2025-10-21T05:58:53.972789Z  INFO get_files:scan_sources: tailwindcss_oxide::scanner: Discovering "C:\\Users\\USER\\Desktop\\lms\\frontend\\src\\assets\\upload_area.svg"
2025-10-21T05:58:53.972825Z  INFO get_files:scan_sources: tailwindcss_oxide::scanner: Discovering "C:\\Users\\USER\\Desktop\\lms\\frontend\\src\\assets\\user_icon.svg"
2025-10-21T05:58:53.972860Z  INFO get_files:scan_sources: tailwindcss_oxide::scanner: Discovering "C:\\Users\\USER\\Desktop\\lms\\frontend\\src\\assets\\user_icon_2.svg"
2025-10-21T05:58:53.972895Z  INFO get_files:scan_sources: tailwindcss_oxide::scanner: Discovering "C:\\Users\\USER\\Desktop\\lms\\frontend\\src\\assets\\walmart_logo.svg"
2025-10-21T05:58:53.972952Z  INFO get_files:scan_sources: tailwindcss_oxide::scanner: Discovering "C:\\Users\\USER\\Desktop\\lms\\frontend\\src\\index.css"
2025-10-21T05:58:53.972988Z  INFO get_files:scan_sources: tailwindcss_oxide::scanner: Discovering "C:\\Users\\USER\\Desktop\\lms\\frontend\\src\\main.jsx"
2025-10-21T05:58:53.973042Z  INFO get_files:scan_sources: tailwindcss_oxide::scanner: Discovering "C:\\Users\\USER\\Desktop\\lms\\frontend\\vite.config.js"
2025-10-21T05:58:53.973140Z  INFO get_files:scan_sources: tailwindcss_oxide::scanner: exit
2025-10-21T05:58:53.973543Z  INFO get_files: tailwindcss_oxide::scanner: exit
2025-10-21T05:58:53.973588Z  INFO get_globs: tailwindcss_oxide::scanner: enter
2025-10-21T05:58:53.973593Z  INFO get_globs:scan_sources: tailwindcss_oxide::scanner: enter
2025-10-21T05:58:53.974551Z  INFO get_globs:scan_sources: tailwindcss_oxide::scanner: Discovering "C:\\Users\\USER\\Desktop\\lms\\frontend\\public"
2025-10-21T05:58:53.974727Z  INFO get_globs:scan_sources: tailwindcss_oxide::scanner: Discovering "C:\\Users\\USER\\Desktop\\lms\\frontend\\src"
2025-10-21T05:58:53.974865Z  INFO get_globs:scan_sources: tailwindcss_oxide::scanner: Discovering "C:\\Users\\USER\\Desktop\\lms\\frontend\\src\\assets"
2025-10-21T05:58:53.975945Z  INFO get_globs:scan_sources: tailwindcss_oxide::scanner: exit
2025-10-21T05:58:53.978787Z  INFO get_globs: tailwindcss_oxide::scanner: exit
2025-10-21T05:58:54.012132Z  INFO tailwindcss_oxide::scanner: Provided sources:
2025-10-21T05:58:54.012151Z  INFO tailwindcss_oxide::scanner: Source: PublicSourceEntry { base: "c:\\Users\\USER\\Desktop\\lms\\frontend", pattern: "**/*", negated: false }
2025-10-21T05:58:54.012240Z  INFO tailwindcss_oxide::scanner: Optimized sources:
2025-10-21T05:58:54.012244Z  INFO tailwindcss_oxide::scanner: Source: Auto { base: "C:\\Users\\USER\\Desktop\\lms\\frontend" }
2025-10-21T05:58:54.012386Z  INFO get_files: tailwindcss_oxide::scanner: enter
2025-10-21T05:58:54.012395Z  INFO get_files:scan_sources: tailwindcss_oxide::scanner: enter
2025-10-21T05:58:54.013341Z  INFO get_files:scan_sources: tailwindcss_oxide::scanner: Discovering "C:\\Users\\USER\\Desktop\\lms\\frontend\\eslint.config.js"
2025-10-21T05:58:54.013416Z  INFO get_files:scan_sources: tailwindcss_oxide::scanner: Discovering "C:\\Users\\USER\\Desktop\\lms\\frontend\\index.html"
2025-10-21T05:58:54.013632Z  INFO get_files:scan_sources: tailwindcss_oxide::scanner: Discovering "C:\\Users\\USER\\Desktop\\lms\\frontend\\package.json"
2025-10-21T05:58:54.014006Z  INFO get_files:scan_sources: tailwindcss_oxide::scanner: Discovering "C:\\Users\\USER\\Desktop\\lms\\frontend\\public"
2025-10-21T05:58:54.014181Z  INFO get_files:scan_sources: tailwindcss_oxide::scanner: Discovering "C:\\Users\\USER\\Desktop\\lms\\frontend\\public\\favicon.svg"
2025-10-21T05:58:54.014271Z  INFO get_files:scan_sources: tailwindcss_oxide::scanner: Discovering "C:\\Users\\USER\\Desktop\\lms\\frontend\\README.md"
2025-10-21T05:58:54.014368Z  INFO get_files:scan_sources: tailwindcss_oxide::scanner: Discovering "C:\\Users\\USER\\Desktop\\lms\\frontend\\src"
2025-10-21T05:58:54.014484Z  INFO get_files:scan_sources: tailwindcss_oxide::scanner: Discovering "C:\\Users\\USER\\Desktop\\lms\\frontend\\src\\App.css"
2025-10-21T05:58:54.014538Z  INFO get_files:scan_sources: tailwindcss_oxide::scanner: Discovering "C:\\Users\\USER\\Desktop\\lms\\frontend\\src\\App.jsx"
2025-10-21T05:58:54.014648Z  INFO get_files:scan_sources: tailwindcss_oxide::scanner: Discovering "C:\\Users\\USER\\Desktop\\lms\\frontend\\src\\assets"
2025-10-21T05:58:54.014789Z  INFO get_files:scan_sources: tailwindcss_oxide::scanner: Discovering "C:\\Users\\USER\\Desktop\\lms\\frontend\\src\\assets\\abhishek.JPG"
2025-10-21T05:58:54.014847Z  INFO get_files:scan_sources: tailwindcss_oxide::scanner: Discovering "C:\\Users\\USER\\Desktop\\lms\\frontend\\src\\assets\\accenture_logo.svg"
2025-10-21T05:58:54.014900Z  INFO get_files:scan_sources: tailwindcss_oxide::scanner: Discovering "C:\\Users\\USER\\Desktop\\lms\\frontend\\src\\assets\\add_icon.svg"
2025-10-21T05:58:54.015175Z  INFO get_files:scan_sources: tailwindcss_oxide::scanner: Discovering "C:\\Users\\USER\\Desktop\\lms\\frontend\\src\\assets\\adobe_logo.svg"
2025-10-21T05:58:54.015256Z  INFO get_files:scan_sources: tailwindcss_oxide::scanner: Discovering "C:\\Users\\USER\\Desktop\\lms\\frontend\\src\\assets\\appointments_icon.svg"
2025-10-21T05:58:54.015310Z  INFO get_files:scan_sources: tailwindcss_oxide::scanner: Discovering "C:\\Users\\USER\\Desktop\\lms\\frontend\\src\\assets\\arrow_icon.svg"
2025-10-21T05:58:54.015364Z  INFO get_files:scan_sources: tailwindcss_oxide::scanner: Discovering "C:\\Users\\USER\\Desktop\\lms\\frontend\\src\\assets\\assets.js"
2025-10-21T05:58:54.015430Z  INFO get_files:scan_sources: tailwindcss_oxide::scanner: Discovering "C:\\Users\\USER\\Desktop\\lms\\frontend\\src\\assets\\blue_tick_icon.svg"
2025-10-21T05:58:54.015499Z  INFO get_files:scan_sources: tailwindcss_oxide::scanner: Discovering "C:\\Users\\USER\\Desktop\\lms\\frontend\\src\\assets\\cross_icon.svg"
2025-10-21T05:58:54.015659Z  INFO get_files:scan_sources: tailwindcss_oxide::scanner: Discovering "C:\\Users\\USER\\Desktop\\lms\\frontend\\src\\assets\\down_arrow_icon.svg"
2025-10-21T05:58:54.015798Z  INFO get_files:scan_sources: tailwindcss_oxide::scanner: Discovering "C:\\Users\\USER\\Desktop\\lms\\frontend\\src\\assets\\dropdown_icon.svg"
2025-10-21T05:58:54.016157Z  INFO get_files:scan_sources: tailwindcss_oxide::scanner: Discovering "C:\\Users\\USER\\Desktop\\lms\\frontend\\src\\assets\\earning_icon.svg"
2025-10-21T05:58:54.016330Z  INFO get_files:scan_sources: tailwindcss_oxide::scanner: Discovering "C:\\Users\\USER\\Desktop\\lms\\frontend\\src\\assets\\facebook_icon.svg"
2025-10-21T05:58:54.016461Z  INFO get_files:scan_sources: tailwindcss_oxide::scanner: Discovering "C:\\Users\\USER\\Desktop\\lms\\frontend\\src\\assets\\favicon.svg"
2025-10-21T05:58:54.016588Z  INFO get_files:scan_sources: tailwindcss_oxide::scanner: Discovering "C:\\Users\\USER\\Desktop\\lms\\frontend\\src\\assets\\file_upload_icon.svg"
2025-10-21T05:58:54.016781Z  INFO get_files:scan_sources: tailwindcss_oxide::scanner: Discovering "C:\\Users\\USER\\Desktop\\lms\\frontend\\src\\assets\\home_icon.svg"
2025-10-21T05:58:54.016965Z  INFO get_files:scan_sources: tailwindcss_oxide::scanner: Discovering "C:\\Users\\USER\\Desktop\\lms\\frontend\\src\\assets\\instagram_icon.svg"
2025-10-21T05:58:54.017058Z  INFO get_files:scan_sources: tailwindcss_oxide::scanner: Discovering "C:\\Users\\USER\\Desktop\\lms\\frontend\\src\\assets\\lesson_icon.svg"
2025-10-21T05:58:54.017156Z  INFO get_files:scan_sources: tailwindcss_oxide::scanner: Discovering "C:\\Users\\USER\\Desktop\\lms\\frontend\\src\\assets\\logo.svg"
2025-10-21T05:58:54.017222Z  INFO get_files:scan_sources: tailwindcss_oxide::scanner: Discovering "C:\\Users\\USER\\Desktop\\lms\\frontend\\src\\assets\\logo_dark.svg"
2025-10-21T05:58:54.017287Z  INFO get_files:scan_sources: tailwindcss_oxide::scanner: Discovering "C:\\Users\\USER\\Desktop\\lms\\frontend\\src\\assets\\microsoft_logo.svg"
2025-10-21T05:58:54.017357Z  INFO get_files:scan_sources: tailwindcss_oxide::scanner: Discovering "C:\\Users\\USER\\Desktop\\lms\\frontend\\src\\assets\\my_course_icon.svg"
2025-10-21T05:58:54.017504Z  INFO get_files:scan_sources: tailwindcss_oxide::scanner: Discovering "C:\\Users\\USER\\Desktop\\lms\\frontend\\src\\assets\\patients_icon.svg"
2025-10-21T05:58:54.017911Z  INFO get_files:scan_sources: tailwindcss_oxide::scanner: Discovering "C:\\Users\\USER\\Desktop\\lms\\frontend\\src\\assets\\paypal_logo.svg"
2025-10-21T05:58:54.017986Z  INFO get_files:scan_sources: tailwindcss_oxide::scanner: Discovering "C:\\Users\\USER\\Desktop\\lms\\frontend\\src\\assets\\person_tick_icon.svg"
2025-10-21T05:58:54.018044Z  INFO get_files:scan_sources: tailwindcss_oxide::scanner: Discovering "C:\\Users\\USER\\Desktop\\lms\\frontend\\src\\assets\\play_icon.svg"
2025-10-21T05:58:54.018190Z  INFO get_files:scan_sources: tailwindcss_oxide::scanner: Discovering "C:\\Users\\USER\\Desktop\\lms\\frontend\\src\\assets\\rating_star.svg"
2025-10-21T05:58:54.018265Z  INFO get_files:scan_sources: tailwindcss_oxide::scanner: Discovering "C:\\Users\\USER\\Desktop\\lms\\frontend\\src\\assets\\react.svg"
2025-10-21T05:58:54.018387Z  INFO get_files:scan_sources: tailwindcss_oxide::scanner: Discovering "C:\\Users\\USER\\Desktop\\lms\\frontend\\src\\assets\\rich-text-css.txt"
2025-10-21T05:58:54.018474Z  INFO get_files:scan_sources: tailwindcss_oxide::scanner: Discovering "C:\\Users\\USER\\Desktop\\lms\\frontend\\src\\assets\\search_icon.svg"
2025-10-21T05:58:54.018537Z  INFO get_files:scan_sources: tailwindcss_oxide::scanner: Discovering "C:\\Users\\USER\\Desktop\\lms\\frontend\\src\\assets\\shreyansh.JPG"
2025-10-21T05:58:54.018598Z  INFO get_files:scan_sources: tailwindcss_oxide::scanner: Discovering "C:\\Users\\USER\\Desktop\\lms\\frontend\\src\\assets\\sktech.svg"
2025-10-21T05:58:54.018655Z  INFO get_files:scan_sources: tailwindcss_oxide::scanner: Discovering "C:\\Users\\USER\\Desktop\\lms\\frontend\\src\\assets\\star_dull_icon.svg"
2025-10-21T05:58:54.018724Z  INFO get_files:scan_sources: tailwindcss_oxide::scanner: Discovering "C:\\Users\\USER\\Desktop\\lms\\frontend\\src\\assets\\time_clock_icon.svg"
2025-10-21T05:58:54.018779Z  INFO get_files:scan_sources: tailwindcss_oxide::scanner: Discovering "C:\\Users\\USER\\Desktop\\lms\\frontend\\src\\assets\\time_left_clock_icon.svg"
2025-10-21T05:58:54.018838Z  INFO get_files:scan_sources: tailwindcss_oxide::scanner: Discovering "C:\\Users\\USER\\Desktop\\lms\\frontend\\src\\assets\\twitter_icon.svg"
2025-10-21T05:58:54.018900Z  INFO get_files:scan_sources: tailwindcss_oxide::scanner: Discovering "C:\\Users\\USER\\Desktop\\lms\\frontend\\src\\assets\\upload_area.svg"
2025-10-21T05:58:54.018955Z  INFO get_files:scan_sources: tailwindcss_oxide::scanner: Discovering "C:\\Users\\USER\\Desktop\\lms\\frontend\\src\\assets\\user_icon.svg"
2025-10-21T05:58:54.019102Z  INFO get_files:scan_sources: tailwindcss_oxide::scanner: Discovering "C:\\Users\\USER\\Desktop\\lms\\frontend\\src\\assets\\user_icon_2.svg"
2025-10-21T05:58:54.019195Z  INFO get_files:scan_sources: tailwindcss_oxide::scanner: Discovering "C:\\Users\\USER\\Desktop\\lms\\frontend\\src\\assets\\walmart_logo.svg"
2025-10-21T05:58:54.019315Z  INFO get_files:scan_sources: tailwindcss_oxide::scanner: Discovering "C:\\Users\\USER\\Desktop\\lms\\frontend\\src\\index.css"
2025-10-21T05:58:54.019372Z  INFO get_files:scan_sources: tailwindcss_oxide::scanner: Discovering "C:\\Users\\USER\\Desktop\\lms\\frontend\\src\\main.jsx"
2025-10-21T05:58:54.019488Z  INFO get_files:scan_sources: tailwindcss_oxide::scanner: Discovering "C:\\Users\\USER\\Desktop\\lms\\frontend\\vite.config.js"
2025-10-21T05:58:54.019632Z  INFO get_files:scan_sources: tailwindcss_oxide::scanner: exit
2025-10-21T05:58:54.019802Z  INFO get_files: tailwindcss_oxide::scanner: exit
2025-10-21T05:58:54.019849Z  INFO get_globs: tailwindcss_oxide::scanner: enter
2025-10-21T05:58:54.019857Z  INFO get_globs:scan_sources: tailwindcss_oxide::scanner: enter
2025-10-21T05:58:54.021383Z  INFO get_globs:scan_sources: tailwindcss_oxide::scanner: Discovering "C:\\Users\\USER\\Desktop\\lms\\frontend\\public"
2025-10-21T05:58:54.021646Z  INFO get_globs:scan_sources: tailwindcss_oxide::scanner: Discovering "C:\\Users\\USER\\Desktop\\lms\\frontend\\src"
2025-10-21T05:58:54.021858Z  INFO get_globs:scan_sources: tailwindcss_oxide::scanner: Discovering "C:\\Users\\USER\\Desktop\\lms\\frontend\\src\\assets"
2025-10-21T05:58:54.023626Z  INFO get_globs:scan_sources: tailwindcss_oxide::scanner: exit
2025-10-21T05:58:54.026629Z  INFO get_globs: tailwindcss_oxide::scanner: exit
