2025-11-06T04:03:42.111234Z  INFO tailwindcss_oxide::scanner: Provided sources:
2025-11-06T04:03:42.111346Z  INFO tailwindcss_oxide::scanner: Source: PublicSourceEntry { base: "c:\\Users\\USER\\Desktop\\lms\\frontend", pattern: "**/*", negated: false }
2025-11-06T04:03:42.111515Z  INFO tailwindcss_oxide::scanner: Optimized sources:
2025-11-06T04:03:42.111532Z  INFO tailwindcss_oxide::scanner: Source: Auto { base: "C:\\Users\\USER\\Desktop\\lms\\frontend" }
2025-11-06T04:03:42.113562Z  INFO get_files: tailwindcss_oxide::scanner: enter
2025-11-06T04:03:42.113603Z  INFO get_files:scan_sources: tailwindcss_oxide::scanner: enter
2025-11-06T04:03:42.115266Z  INFO get_files:scan_sources: tailwindcss_oxide::scanner: Discovering "C:\\Users\\USER\\Desktop\\lms\\frontend\\eslint.config.js"
2025-11-06T04:03:42.115342Z  INFO get_files:scan_sources: tailwindcss_oxide::scanner: Discovering "C:\\Users\\USER\\Desktop\\lms\\frontend\\index.html"
2025-11-06T04:03:42.115618Z  INFO get_files:scan_sources: tailwindcss_oxide::scanner: Discovering "C:\\Users\\USER\\Desktop\\lms\\frontend\\package.json"
2025-11-06T04:03:42.115711Z  INFO get_files:scan_sources: tailwindcss_oxide::scanner: Discovering "C:\\Users\\USER\\Desktop\\lms\\frontend\\public"
2025-11-06T04:03:42.115827Z  INFO get_files:scan_sources: tailwindcss_oxide::scanner: Discovering "C:\\Users\\USER\\Desktop\\lms\\frontend\\public\\favicon.svg"
2025-11-06T04:03:42.115897Z  INFO get_files:scan_sources: tailwindcss_oxide::scanner: Discovering "C:\\Users\\USER\\Desktop\\lms\\frontend\\README.md"
2025-11-06T04:03:42.115979Z  INFO get_files:scan_sources: tailwindcss_oxide::scanner: Discovering "C:\\Users\\USER\\Desktop\\lms\\frontend\\src"
2025-11-06T04:03:42.116084Z  INFO get_files:scan_sources: tailwindcss_oxide::scanner: Discovering "C:\\Users\\USER\\Desktop\\lms\\frontend\\src\\App.css"
2025-11-06T04:03:42.116132Z  INFO get_files:scan_sources: tailwindcss_oxide::scanner: Discovering "C:\\Users\\USER\\Desktop\\lms\\frontend\\src\\App.jsx"
2025-11-06T04:03:42.116219Z  INFO get_files:scan_sources: tailwindcss_oxide::scanner: Discovering "C:\\Users\\USER\\Desktop\\lms\\frontend\\src\\assets"
2025-11-06T04:03:42.116331Z  INFO get_files:scan_sources: tailwindcss_oxide::scanner: Discovering "C:\\Users\\USER\\Desktop\\lms\\frontend\\src\\assets\\abhishek.JPG"
2025-11-06T04:03:42.116382Z  INFO get_files:scan_sources: tailwindcss_oxide::scanner: Discovering "C:\\Users\\USER\\Desktop\\lms\\frontend\\src\\assets\\accenture_logo.svg"
2025-11-06T04:03:42.116428Z  INFO get_files:scan_sources: tailwindcss_oxide::scanner: Discovering "C:\\Users\\USER\\Desktop\\lms\\frontend\\src\\assets\\add_icon.svg"
2025-11-06T04:03:42.116474Z  INFO get_files:scan_sources: tailwindcss_oxide::scanner: Discovering "C:\\Users\\USER\\Desktop\\lms\\frontend\\src\\assets\\adobe_logo.svg"
2025-11-06T04:03:42.116532Z  INFO get_files:scan_sources: tailwindcss_oxide::scanner: Discovering "C:\\Users\\USER\\Desktop\\lms\\frontend\\src\\assets\\appointments_icon.svg"
2025-11-06T04:03:42.116580Z  INFO get_files:scan_sources: tailwindcss_oxide::scanner: Discovering "C:\\Users\\USER\\Desktop\\lms\\frontend\\src\\assets\\arrow_icon.svg"
2025-11-06T04:03:42.116628Z  INFO get_files:scan_sources: tailwindcss_oxide::scanner: Discovering "C:\\Users\\USER\\Desktop\\lms\\frontend\\src\\assets\\assets.js"
2025-11-06T04:03:42.116684Z  INFO get_files:scan_sources: tailwindcss_oxide::scanner: Discovering "C:\\Users\\USER\\Desktop\\lms\\frontend\\src\\assets\\blue_tick_icon.svg"
2025-11-06T04:03:42.116748Z  INFO get_files:scan_sources: tailwindcss_oxide::scanner: Discovering "C:\\Users\\USER\\Desktop\\lms\\frontend\\src\\assets\\cross_icon.svg"
2025-11-06T04:03:42.116795Z  INFO get_files:scan_sources: tailwindcss_oxide::scanner: Discovering "C:\\Users\\USER\\Desktop\\lms\\frontend\\src\\assets\\down_arrow_icon.svg"
2025-11-06T04:03:42.116841Z  INFO get_files:scan_sources: tailwindcss_oxide::scanner: Discovering "C:\\Users\\USER\\Desktop\\lms\\frontend\\src\\assets\\dropdown_icon.svg"
2025-11-06T04:03:42.116889Z  INFO get_files:scan_sources: tailwindcss_oxide::scanner: Discovering "C:\\Users\\USER\\Desktop\\lms\\frontend\\src\\assets\\earning_icon.svg"
2025-11-06T04:03:42.116987Z  INFO get_files:scan_sources: tailwindcss_oxide::scanner: Discovering "C:\\Users\\USER\\Desktop\\lms\\frontend\\src\\assets\\facebook_icon.svg"
2025-11-06T04:03:42.117035Z  INFO get_files:scan_sources: tailwindcss_oxide::scanner: Discovering "C:\\Users\\USER\\Desktop\\lms\\frontend\\src\\assets\\favicon.svg"
2025-11-06T04:03:42.117082Z  INFO get_files:scan_sources: tailwindcss_oxide::scanner: Discovering "C:\\Users\\USER\\Desktop\\lms\\frontend\\src\\assets\\file_upload_icon.svg"
2025-11-06T04:03:42.117128Z  INFO get_files:scan_sources: tailwindcss_oxide::scanner: Discovering "C:\\Users\\USER\\Desktop\\lms\\frontend\\src\\assets\\home_icon.svg"
2025-11-06T04:03:42.117174Z  INFO get_files:scan_sources: tailwindcss_oxide::scanner: Discovering "C:\\Users\\USER\\Desktop\\lms\\frontend\\src\\assets\\instagram_icon.svg"
2025-11-06T04:03:42.117221Z  INFO get_files:scan_sources: tailwindcss_oxide::scanner: Discovering "C:\\Users\\USER\\Desktop\\lms\\frontend\\src\\assets\\lesson_icon.svg"
2025-11-06T04:03:42.117267Z  INFO get_files:scan_sources: tailwindcss_oxide::scanner: Discovering "C:\\Users\\USER\\Desktop\\lms\\frontend\\src\\assets\\logo.svg"
2025-11-06T04:03:42.117311Z  INFO get_files:scan_sources: tailwindcss_oxide::scanner: Discovering "C:\\Users\\USER\\Desktop\\lms\\frontend\\src\\assets\\logo_dark.svg"
2025-11-06T04:03:42.117358Z  INFO get_files:scan_sources: tailwindcss_oxide::scanner: Discovering "C:\\Users\\USER\\Desktop\\lms\\frontend\\src\\assets\\microsoft_logo.svg"
2025-11-06T04:03:42.117408Z  INFO get_files:scan_sources: tailwindcss_oxide::scanner: Discovering "C:\\Users\\USER\\Desktop\\lms\\frontend\\src\\assets\\my_course_icon.svg"
2025-11-06T04:03:42.117455Z  INFO get_files:scan_sources: tailwindcss_oxide::scanner: Discovering "C:\\Users\\USER\\Desktop\\lms\\frontend\\src\\assets\\patients_icon.svg"
2025-11-06T04:03:42.117502Z  INFO get_files:scan_sources: tailwindcss_oxide::scanner: Discovering "C:\\Users\\USER\\Desktop\\lms\\frontend\\src\\assets\\paypal_logo.svg"
2025-11-06T04:03:42.117563Z  INFO get_files:scan_sources: tailwindcss_oxide::scanner: Discovering "C:\\Users\\USER\\Desktop\\lms\\frontend\\src\\assets\\person_tick_icon.svg"
2025-11-06T04:03:42.117610Z  INFO get_files:scan_sources: tailwindcss_oxide::scanner: Discovering "C:\\Users\\USER\\Desktop\\lms\\frontend\\src\\assets\\play_icon.svg"
2025-11-06T04:03:42.117704Z  INFO get_files:scan_sources: tailwindcss_oxide::scanner: Discovering "C:\\Users\\USER\\Desktop\\lms\\frontend\\src\\assets\\rating_star.svg"
2025-11-06T04:03:42.117754Z  INFO get_files:scan_sources: tailwindcss_oxide::scanner: Discovering "C:\\Users\\USER\\Desktop\\lms\\frontend\\src\\assets\\react.svg"
2025-11-06T04:03:42.117803Z  INFO get_files:scan_sources: tailwindcss_oxide::scanner: Discovering "C:\\Users\\USER\\Desktop\\lms\\frontend\\src\\assets\\rich-text-css.txt"
2025-11-06T04:03:42.117853Z  INFO get_files:scan_sources: tailwindcss_oxide::scanner: Discovering "C:\\Users\\USER\\Desktop\\lms\\frontend\\src\\assets\\search_icon.svg"
2025-11-06T04:03:42.117898Z  INFO get_files:scan_sources: tailwindcss_oxide::scanner: Discovering "C:\\Users\\USER\\Desktop\\lms\\frontend\\src\\assets\\shreyansh.JPG"
2025-11-06T04:03:42.117944Z  INFO get_files:scan_sources: tailwindcss_oxide::scanner: Discovering "C:\\Users\\USER\\Desktop\\lms\\frontend\\src\\assets\\sktech.svg"
2025-11-06T04:03:42.117989Z  INFO get_files:scan_sources: tailwindcss_oxide::scanner: Discovering "C:\\Users\\USER\\Desktop\\lms\\frontend\\src\\assets\\star_dull_icon.svg"
2025-11-06T04:03:42.118036Z  INFO get_files:scan_sources: tailwindcss_oxide::scanner: Discovering "C:\\Users\\USER\\Desktop\\lms\\frontend\\src\\assets\\time_clock_icon.svg"
2025-11-06T04:03:42.118082Z  INFO get_files:scan_sources: tailwindcss_oxide::scanner: Discovering "C:\\Users\\USER\\Desktop\\lms\\frontend\\src\\assets\\time_left_clock_icon.svg"
2025-11-06T04:03:42.118131Z  INFO get_files:scan_sources: tailwindcss_oxide::scanner: Discovering "C:\\Users\\USER\\Desktop\\lms\\frontend\\src\\assets\\twitter_icon.svg"
2025-11-06T04:03:42.118213Z  INFO get_files:scan_sources: tailwindcss_oxide::scanner: Discovering "C:\\Users\\USER\\Desktop\\lms\\frontend\\src\\assets\\upload_area.svg"
2025-11-06T04:03:42.118260Z  INFO get_files:scan_sources: tailwindcss_oxide::scanner: Discovering "C:\\Users\\USER\\Desktop\\lms\\frontend\\src\\assets\\user_icon.svg"
2025-11-06T04:03:42.118328Z  INFO get_files:scan_sources: tailwindcss_oxide::scanner: Discovering "C:\\Users\\USER\\Desktop\\lms\\frontend\\src\\assets\\user_icon_2.svg"
2025-11-06T04:03:42.118407Z  INFO get_files:scan_sources: tailwindcss_oxide::scanner: Discovering "C:\\Users\\USER\\Desktop\\lms\\frontend\\src\\assets\\walmart_logo.svg"
2025-11-06T04:03:42.118616Z  INFO get_files:scan_sources: tailwindcss_oxide::scanner: Discovering "C:\\Users\\USER\\Desktop\\lms\\frontend\\src\\components"
2025-11-06T04:03:42.118812Z  INFO get_files:scan_sources: tailwindcss_oxide::scanner: Discovering "C:\\Users\\USER\\Desktop\\lms\\frontend\\src\\components\\About.jsx"
2025-11-06T04:03:42.118890Z  INFO get_files:scan_sources: tailwindcss_oxide::scanner: Discovering "C:\\Users\\USER\\Desktop\\lms\\frontend\\src\\components\\ContactForm.jsx"
2025-11-06T04:03:42.119023Z  INFO get_files:scan_sources: tailwindcss_oxide::scanner: Discovering "C:\\Users\\USER\\Desktop\\lms\\frontend\\src\\components\\educator"
2025-11-06T04:03:42.119211Z  INFO get_files:scan_sources: tailwindcss_oxide::scanner: Discovering "C:\\Users\\USER\\Desktop\\lms\\frontend\\src\\components\\educator\\Footer.jsx"
2025-11-06T04:03:42.119293Z  INFO get_files:scan_sources: tailwindcss_oxide::scanner: Discovering "C:\\Users\\USER\\Desktop\\lms\\frontend\\src\\components\\educator\\Navbar.jsx"
2025-11-06T04:03:42.119370Z  INFO get_files:scan_sources: tailwindcss_oxide::scanner: Discovering "C:\\Users\\USER\\Desktop\\lms\\frontend\\src\\components\\educator\\Sidebar.jsx"
2025-11-06T04:03:42.119484Z  INFO get_files:scan_sources: tailwindcss_oxide::scanner: Discovering "C:\\Users\\USER\\Desktop\\lms\\frontend\\src\\components\\Logger.jsx"
2025-11-06T04:03:42.119585Z  INFO get_files:scan_sources: tailwindcss_oxide::scanner: Discovering "C:\\Users\\USER\\Desktop\\lms\\frontend\\src\\components\\SocialIcons.jsx"
2025-11-06T04:03:42.119727Z  INFO get_files:scan_sources: tailwindcss_oxide::scanner: Discovering "C:\\Users\\USER\\Desktop\\lms\\frontend\\src\\components\\students"
2025-11-06T04:03:42.120004Z  INFO get_files:scan_sources: tailwindcss_oxide::scanner: Discovering "C:\\Users\\USER\\Desktop\\lms\\frontend\\src\\components\\students\\CallToAction.jsx"
2025-11-06T04:03:42.120086Z  INFO get_files:scan_sources: tailwindcss_oxide::scanner: Discovering "C:\\Users\\USER\\Desktop\\lms\\frontend\\src\\components\\students\\Companies.jsx"
2025-11-06T04:03:42.120178Z  INFO get_files:scan_sources: tailwindcss_oxide::scanner: Discovering "C:\\Users\\USER\\Desktop\\lms\\frontend\\src\\components\\students\\CourseCard.jsx"
2025-11-06T04:03:42.120262Z  INFO get_files:scan_sources: tailwindcss_oxide::scanner: Discovering "C:\\Users\\USER\\Desktop\\lms\\frontend\\src\\components\\students\\CoursesSection.jsx"
2025-11-06T04:03:42.120337Z  INFO get_files:scan_sources: tailwindcss_oxide::scanner: Discovering "C:\\Users\\USER\\Desktop\\lms\\frontend\\src\\components\\students\\Footer.jsx"
2025-11-06T04:03:42.120410Z  INFO get_files:scan_sources: tailwindcss_oxide::scanner: Discovering "C:\\Users\\USER\\Desktop\\lms\\frontend\\src\\components\\students\\Hero.jsx"
2025-11-06T04:03:42.120482Z  INFO get_files:scan_sources: tailwindcss_oxide::scanner: Discovering "C:\\Users\\USER\\Desktop\\lms\\frontend\\src\\components\\students\\Loading.jsx"
2025-11-06T04:03:42.120553Z  INFO get_files:scan_sources: tailwindcss_oxide::scanner: Discovering "C:\\Users\\USER\\Desktop\\lms\\frontend\\src\\components\\students\\Logger.jsx"
2025-11-06T04:03:42.120625Z  INFO get_files:scan_sources: tailwindcss_oxide::scanner: Discovering "C:\\Users\\USER\\Desktop\\lms\\frontend\\src\\components\\students\\Navbar.jsx"
2025-11-06T04:03:42.120700Z  INFO get_files:scan_sources: tailwindcss_oxide::scanner: Discovering "C:\\Users\\USER\\Desktop\\lms\\frontend\\src\\components\\students\\Rating.jsx"
2025-11-06T04:03:42.120775Z  INFO get_files:scan_sources: tailwindcss_oxide::scanner: Discovering "C:\\Users\\USER\\Desktop\\lms\\frontend\\src\\components\\students\\SearchBar.jsx"
2025-11-06T04:03:42.120849Z  INFO get_files:scan_sources: tailwindcss_oxide::scanner: Discovering "C:\\Users\\USER\\Desktop\\lms\\frontend\\src\\components\\students\\SocialIcons.jsx"
2025-11-06T04:03:42.120923Z  INFO get_files:scan_sources: tailwindcss_oxide::scanner: Discovering "C:\\Users\\USER\\Desktop\\lms\\frontend\\src\\components\\students\\TestimonialsSection.jsx"
2025-11-06T04:03:42.121155Z  INFO get_files:scan_sources: tailwindcss_oxide::scanner: Discovering "C:\\Users\\USER\\Desktop\\lms\\frontend\\src\\context"
2025-11-06T04:03:42.121319Z  INFO get_files:scan_sources: tailwindcss_oxide::scanner: Discovering "C:\\Users\\USER\\Desktop\\lms\\frontend\\src\\context\\AppContext.jsx"
2025-11-06T04:03:42.121427Z  INFO get_files:scan_sources: tailwindcss_oxide::scanner: Discovering "C:\\Users\\USER\\Desktop\\lms\\frontend\\src\\index.css"
2025-11-06T04:03:42.121497Z  INFO get_files:scan_sources: tailwindcss_oxide::scanner: Discovering "C:\\Users\\USER\\Desktop\\lms\\frontend\\src\\main.jsx"
2025-11-06T04:03:42.121661Z  INFO get_files:scan_sources: tailwindcss_oxide::scanner: Discovering "C:\\Users\\USER\\Desktop\\lms\\frontend\\src\\pages"
2025-11-06T04:03:42.121845Z  INFO get_files:scan_sources: tailwindcss_oxide::scanner: Discovering "C:\\Users\\USER\\Desktop\\lms\\frontend\\src\\pages\\AdminDashboard.jsx"
2025-11-06T04:03:42.121981Z  INFO get_files:scan_sources: tailwindcss_oxide::scanner: Discovering "C:\\Users\\USER\\Desktop\\lms\\frontend\\src\\pages\\educator"
2025-11-06T04:03:42.122152Z  INFO get_files:scan_sources: tailwindcss_oxide::scanner: Discovering "C:\\Users\\USER\\Desktop\\lms\\frontend\\src\\pages\\educator\\AddCourse.jsx"
2025-11-06T04:03:42.122231Z  INFO get_files:scan_sources: tailwindcss_oxide::scanner: Discovering "C:\\Users\\USER\\Desktop\\lms\\frontend\\src\\pages\\educator\\Dashboard.jsx"
2025-11-06T04:03:42.122303Z  INFO get_files:scan_sources: tailwindcss_oxide::scanner: Discovering "C:\\Users\\USER\\Desktop\\lms\\frontend\\src\\pages\\educator\\Educator.jsx"
2025-11-06T04:03:42.122374Z  INFO get_files:scan_sources: tailwindcss_oxide::scanner: Discovering "C:\\Users\\USER\\Desktop\\lms\\frontend\\src\\pages\\educator\\MyCourses.jsx"
2025-11-06T04:03:42.122446Z  INFO get_files:scan_sources: tailwindcss_oxide::scanner: Discovering "C:\\Users\\USER\\Desktop\\lms\\frontend\\src\\pages\\educator\\StudentsEnrolled.jsx"
2025-11-06T04:03:42.122619Z  INFO get_files:scan_sources: tailwindcss_oxide::scanner: Discovering "C:\\Users\\USER\\Desktop\\lms\\frontend\\src\\pages\\students"
2025-11-06T04:03:42.122789Z  INFO get_files:scan_sources: tailwindcss_oxide::scanner: Discovering "C:\\Users\\USER\\Desktop\\lms\\frontend\\src\\pages\\students\\CourseDetails.jsx"
2025-11-06T04:03:42.122865Z  INFO get_files:scan_sources: tailwindcss_oxide::scanner: Discovering "C:\\Users\\USER\\Desktop\\lms\\frontend\\src\\pages\\students\\CoursesList.jsx"
2025-11-06T04:03:42.122934Z  INFO get_files:scan_sources: tailwindcss_oxide::scanner: Discovering "C:\\Users\\USER\\Desktop\\lms\\frontend\\src\\pages\\students\\Home.jsx"
2025-11-06T04:03:42.123009Z  INFO get_files:scan_sources: tailwindcss_oxide::scanner: Discovering "C:\\Users\\USER\\Desktop\\lms\\frontend\\src\\pages\\students\\MyEnrollments.jsx"
2025-11-06T04:03:42.123086Z  INFO get_files:scan_sources: tailwindcss_oxide::scanner: Discovering "C:\\Users\\USER\\Desktop\\lms\\frontend\\src\\pages\\students\\Player.jsx"
2025-11-06T04:03:42.123237Z  INFO get_files:scan_sources: tailwindcss_oxide::scanner: Discovering "C:\\Users\\USER\\Desktop\\lms\\frontend\\vercel.json"
2025-11-06T04:03:42.123307Z  INFO get_files:scan_sources: tailwindcss_oxide::scanner: Discovering "C:\\Users\\USER\\Desktop\\lms\\frontend\\vite.config.js"
2025-11-06T04:03:42.123559Z  INFO get_files:scan_sources: tailwindcss_oxide::scanner: exit
2025-11-06T04:03:42.124093Z  INFO get_files: tailwindcss_oxide::scanner: exit
2025-11-06T04:03:42.124208Z  INFO get_globs: tailwindcss_oxide::scanner: enter
2025-11-06T04:03:42.124225Z  INFO get_globs:scan_sources: tailwindcss_oxide::scanner: enter
2025-11-06T04:03:42.125971Z  INFO get_globs:scan_sources: tailwindcss_oxide::scanner: Discovering "C:\\Users\\USER\\Desktop\\lms\\frontend\\public"
2025-11-06T04:03:42.126215Z  INFO get_globs:scan_sources: tailwindcss_oxide::scanner: Discovering "C:\\Users\\USER\\Desktop\\lms\\frontend\\src"
2025-11-06T04:03:42.126427Z  INFO get_globs:scan_sources: tailwindcss_oxide::scanner: Discovering "C:\\Users\\USER\\Desktop\\lms\\frontend\\src\\assets"
2025-11-06T04:03:42.127719Z  INFO get_globs:scan_sources: tailwindcss_oxide::scanner: Discovering "C:\\Users\\USER\\Desktop\\lms\\frontend\\src\\components"
2025-11-06T04:03:42.127914Z  INFO get_globs:scan_sources: tailwindcss_oxide::scanner: Discovering "C:\\Users\\USER\\Desktop\\lms\\frontend\\src\\components\\educator"
2025-11-06T04:03:42.128174Z  INFO get_globs:scan_sources: tailwindcss_oxide::scanner: Discovering "C:\\Users\\USER\\Desktop\\lms\\frontend\\src\\components\\students"
2025-11-06T04:03:42.128658Z  INFO get_globs:scan_sources: tailwindcss_oxide::scanner: Discovering "C:\\Users\\USER\\Desktop\\lms\\frontend\\src\\context"
2025-11-06T04:03:42.128873Z  INFO get_globs:scan_sources: tailwindcss_oxide::scanner: Discovering "C:\\Users\\USER\\Desktop\\lms\\frontend\\src\\pages"
2025-11-06T04:03:42.129019Z  INFO get_globs:scan_sources: tailwindcss_oxide::scanner: Discovering "C:\\Users\\USER\\Desktop\\lms\\frontend\\src\\pages\\educator"
2025-11-06T04:03:42.129278Z  INFO get_globs:scan_sources: tailwindcss_oxide::scanner: Discovering "C:\\Users\\USER\\Desktop\\lms\\frontend\\src\\pages\\students"
2025-11-06T04:03:42.129700Z  INFO get_globs:scan_sources: tailwindcss_oxide::scanner: exit
2025-11-06T04:03:42.133260Z  INFO get_globs: tailwindcss_oxide::scanner: exit
