2025-11-06T04:03:41.614909Z  INFO tailwindcss_oxide::scanner: Provided sources:
2025-11-06T04:03:41.615648Z  INFO tailwindcss_oxide::scanner: Source: PublicSourceEntry { base: "c:\\Users\\USER\\Desktop\\lms\\frontend", pattern: "**/*", negated: false }
2025-11-06T04:03:41.616106Z  INFO tailwindcss_oxide::scanner: Optimized sources:
2025-11-06T04:03:41.616123Z  INFO tailwindcss_oxide::scanner: Source: Auto { base: "C:\\Users\\USER\\Desktop\\lms\\frontend" }
2025-11-06T04:03:41.621598Z  INFO get_files: tailwindcss_oxide::scanner: enter
2025-11-06T04:03:41.621637Z  INFO get_files:scan_sources: tailwindcss_oxide::scanner: enter
2025-11-06T04:03:41.624119Z  INFO get_files:scan_sources: tailwindcss_oxide::scanner: Discovering "C:\\Users\\USER\\Desktop\\lms\\frontend\\eslint.config.js"
2025-11-06T04:03:41.624224Z  INFO get_files:scan_sources: tailwindcss_oxide::scanner: Discovering "C:\\Users\\USER\\Desktop\\lms\\frontend\\index.html"
2025-11-06T04:03:41.624454Z  INFO get_files:scan_sources: tailwindcss_oxide::scanner: Discovering "C:\\Users\\USER\\Desktop\\lms\\frontend\\package.json"
2025-11-06T04:03:41.624566Z  INFO get_files:scan_sources: tailwindcss_oxide::scanner: Discovering "C:\\Users\\USER\\Desktop\\lms\\frontend\\public"
2025-11-06T04:03:41.624886Z  INFO get_files:scan_sources: tailwindcss_oxide::scanner: Discovering "C:\\Users\\USER\\Desktop\\lms\\frontend\\public\\favicon.svg"
2025-11-06T04:03:41.625014Z  INFO get_files:scan_sources: tailwindcss_oxide::scanner: Discovering "C:\\Users\\USER\\Desktop\\lms\\frontend\\README.md"
2025-11-06T04:03:41.625097Z  INFO get_files:scan_sources: tailwindcss_oxide::scanner: Discovering "C:\\Users\\USER\\Desktop\\lms\\frontend\\src"
2025-11-06T04:03:41.625198Z  INFO get_files:scan_sources: tailwindcss_oxide::scanner: Discovering "C:\\Users\\USER\\Desktop\\lms\\frontend\\src\\App.css"
2025-11-06T04:03:41.625236Z  INFO get_files:scan_sources: tailwindcss_oxide::scanner: Discovering "C:\\Users\\USER\\Desktop\\lms\\frontend\\src\\App.jsx"
2025-11-06T04:03:41.625302Z  INFO get_files:scan_sources: tailwindcss_oxide::scanner: Discovering "C:\\Users\\USER\\Desktop\\lms\\frontend\\src\\assets"
2025-11-06T04:03:41.625577Z  INFO get_files:scan_sources: tailwindcss_oxide::scanner: Discovering "C:\\Users\\USER\\Desktop\\lms\\frontend\\src\\assets\\abhishek.JPG"
2025-11-06T04:03:41.625688Z  INFO get_files:scan_sources: tailwindcss_oxide::scanner: Discovering "C:\\Users\\USER\\Desktop\\lms\\frontend\\src\\assets\\accenture_logo.svg"
2025-11-06T04:03:41.625756Z  INFO get_files:scan_sources: tailwindcss_oxide::scanner: Discovering "C:\\Users\\USER\\Desktop\\lms\\frontend\\src\\assets\\add_icon.svg"
2025-11-06T04:03:41.625809Z  INFO get_files:scan_sources: tailwindcss_oxide::scanner: Discovering "C:\\Users\\USER\\Desktop\\lms\\frontend\\src\\assets\\adobe_logo.svg"
2025-11-06T04:03:41.625871Z  INFO get_files:scan_sources: tailwindcss_oxide::scanner: Discovering "C:\\Users\\USER\\Desktop\\lms\\frontend\\src\\assets\\appointments_icon.svg"
2025-11-06T04:03:41.625920Z  INFO get_files:scan_sources: tailwindcss_oxide::scanner: Discovering "C:\\Users\\USER\\Desktop\\lms\\frontend\\src\\assets\\arrow_icon.svg"
2025-11-06T04:03:41.625961Z  INFO get_files:scan_sources: tailwindcss_oxide::scanner: Discovering "C:\\Users\\USER\\Desktop\\lms\\frontend\\src\\assets\\assets.js"
2025-11-06T04:03:41.626018Z  INFO get_files:scan_sources: tailwindcss_oxide::scanner: Discovering "C:\\Users\\USER\\Desktop\\lms\\frontend\\src\\assets\\blue_tick_icon.svg"
2025-11-06T04:03:41.626086Z  INFO get_files:scan_sources: tailwindcss_oxide::scanner: Discovering "C:\\Users\\USER\\Desktop\\lms\\frontend\\src\\assets\\cross_icon.svg"
2025-11-06T04:03:41.626142Z  INFO get_files:scan_sources: tailwindcss_oxide::scanner: Discovering "C:\\Users\\USER\\Desktop\\lms\\frontend\\src\\assets\\down_arrow_icon.svg"
2025-11-06T04:03:41.626189Z  INFO get_files:scan_sources: tailwindcss_oxide::scanner: Discovering "C:\\Users\\USER\\Desktop\\lms\\frontend\\src\\assets\\dropdown_icon.svg"
2025-11-06T04:03:41.626236Z  INFO get_files:scan_sources: tailwindcss_oxide::scanner: Discovering "C:\\Users\\USER\\Desktop\\lms\\frontend\\src\\assets\\earning_icon.svg"
2025-11-06T04:03:41.626331Z  INFO get_files:scan_sources: tailwindcss_oxide::scanner: Discovering "C:\\Users\\USER\\Desktop\\lms\\frontend\\src\\assets\\facebook_icon.svg"
2025-11-06T04:03:41.626382Z  INFO get_files:scan_sources: tailwindcss_oxide::scanner: Discovering "C:\\Users\\USER\\Desktop\\lms\\frontend\\src\\assets\\favicon.svg"
2025-11-06T04:03:41.626430Z  INFO get_files:scan_sources: tailwindcss_oxide::scanner: Discovering "C:\\Users\\USER\\Desktop\\lms\\frontend\\src\\assets\\file_upload_icon.svg"
2025-11-06T04:03:41.626480Z  INFO get_files:scan_sources: tailwindcss_oxide::scanner: Discovering "C:\\Users\\USER\\Desktop\\lms\\frontend\\src\\assets\\home_icon.svg"
2025-11-06T04:03:41.626525Z  INFO get_files:scan_sources: tailwindcss_oxide::scanner: Discovering "C:\\Users\\USER\\Desktop\\lms\\frontend\\src\\assets\\instagram_icon.svg"
2025-11-06T04:03:41.626575Z  INFO get_files:scan_sources: tailwindcss_oxide::scanner: Discovering "C:\\Users\\USER\\Desktop\\lms\\frontend\\src\\assets\\lesson_icon.svg"
2025-11-06T04:03:41.626625Z  INFO get_files:scan_sources: tailwindcss_oxide::scanner: Discovering "C:\\Users\\USER\\Desktop\\lms\\frontend\\src\\assets\\logo.svg"
2025-11-06T04:03:41.626672Z  INFO get_files:scan_sources: tailwindcss_oxide::scanner: Discovering "C:\\Users\\USER\\Desktop\\lms\\frontend\\src\\assets\\logo_dark.svg"
2025-11-06T04:03:41.626722Z  INFO get_files:scan_sources: tailwindcss_oxide::scanner: Discovering "C:\\Users\\USER\\Desktop\\lms\\frontend\\src\\assets\\microsoft_logo.svg"
2025-11-06T04:03:41.626781Z  INFO get_files:scan_sources: tailwindcss_oxide::scanner: Discovering "C:\\Users\\USER\\Desktop\\lms\\frontend\\src\\assets\\my_course_icon.svg"
2025-11-06T04:03:41.626833Z  INFO get_files:scan_sources: tailwindcss_oxide::scanner: Discovering "C:\\Users\\USER\\Desktop\\lms\\frontend\\src\\assets\\patients_icon.svg"
2025-11-06T04:03:41.626881Z  INFO get_files:scan_sources: tailwindcss_oxide::scanner: Discovering "C:\\Users\\USER\\Desktop\\lms\\frontend\\src\\assets\\paypal_logo.svg"
2025-11-06T04:03:41.626929Z  INFO get_files:scan_sources: tailwindcss_oxide::scanner: Discovering "C:\\Users\\USER\\Desktop\\lms\\frontend\\src\\assets\\person_tick_icon.svg"
2025-11-06T04:03:41.626974Z  INFO get_files:scan_sources: tailwindcss_oxide::scanner: Discovering "C:\\Users\\USER\\Desktop\\lms\\frontend\\src\\assets\\play_icon.svg"
2025-11-06T04:03:41.627070Z  INFO get_files:scan_sources: tailwindcss_oxide::scanner: Discovering "C:\\Users\\USER\\Desktop\\lms\\frontend\\src\\assets\\rating_star.svg"
2025-11-06T04:03:41.627123Z  INFO get_files:scan_sources: tailwindcss_oxide::scanner: Discovering "C:\\Users\\USER\\Desktop\\lms\\frontend\\src\\assets\\react.svg"
2025-11-06T04:03:41.627181Z  INFO get_files:scan_sources: tailwindcss_oxide::scanner: Discovering "C:\\Users\\USER\\Desktop\\lms\\frontend\\src\\assets\\rich-text-css.txt"
2025-11-06T04:03:41.627232Z  INFO get_files:scan_sources: tailwindcss_oxide::scanner: Discovering "C:\\Users\\USER\\Desktop\\lms\\frontend\\src\\assets\\search_icon.svg"
2025-11-06T04:03:41.627299Z  INFO get_files:scan_sources: tailwindcss_oxide::scanner: Discovering "C:\\Users\\USER\\Desktop\\lms\\frontend\\src\\assets\\shreyansh.JPG"
2025-11-06T04:03:41.627352Z  INFO get_files:scan_sources: tailwindcss_oxide::scanner: Discovering "C:\\Users\\USER\\Desktop\\lms\\frontend\\src\\assets\\sktech.svg"
2025-11-06T04:03:41.627400Z  INFO get_files:scan_sources: tailwindcss_oxide::scanner: Discovering "C:\\Users\\USER\\Desktop\\lms\\frontend\\src\\assets\\star_dull_icon.svg"
2025-11-06T04:03:41.627450Z  INFO get_files:scan_sources: tailwindcss_oxide::scanner: Discovering "C:\\Users\\USER\\Desktop\\lms\\frontend\\src\\assets\\time_clock_icon.svg"
2025-11-06T04:03:41.627500Z  INFO get_files:scan_sources: tailwindcss_oxide::scanner: Discovering "C:\\Users\\USER\\Desktop\\lms\\frontend\\src\\assets\\time_left_clock_icon.svg"
2025-11-06T04:03:41.627556Z  INFO get_files:scan_sources: tailwindcss_oxide::scanner: Discovering "C:\\Users\\USER\\Desktop\\lms\\frontend\\src\\assets\\twitter_icon.svg"
2025-11-06T04:03:41.627776Z  INFO get_files:scan_sources: tailwindcss_oxide::scanner: Discovering "C:\\Users\\USER\\Desktop\\lms\\frontend\\src\\assets\\upload_area.svg"
2025-11-06T04:03:41.627849Z  INFO get_files:scan_sources: tailwindcss_oxide::scanner: Discovering "C:\\Users\\USER\\Desktop\\lms\\frontend\\src\\assets\\user_icon.svg"
2025-11-06T04:03:41.627902Z  INFO get_files:scan_sources: tailwindcss_oxide::scanner: Discovering "C:\\Users\\USER\\Desktop\\lms\\frontend\\src\\assets\\user_icon_2.svg"
2025-11-06T04:03:41.627955Z  INFO get_files:scan_sources: tailwindcss_oxide::scanner: Discovering "C:\\Users\\USER\\Desktop\\lms\\frontend\\src\\assets\\walmart_logo.svg"
2025-11-06T04:03:41.628072Z  INFO get_files:scan_sources: tailwindcss_oxide::scanner: Discovering "C:\\Users\\USER\\Desktop\\lms\\frontend\\src\\components"
2025-11-06T04:03:41.628185Z  INFO get_files:scan_sources: tailwindcss_oxide::scanner: Discovering "C:\\Users\\USER\\Desktop\\lms\\frontend\\src\\components\\About.jsx"
2025-11-06T04:03:41.628228Z  INFO get_files:scan_sources: tailwindcss_oxide::scanner: Discovering "C:\\Users\\USER\\Desktop\\lms\\frontend\\src\\components\\ContactForm.jsx"
2025-11-06T04:03:41.628304Z  INFO get_files:scan_sources: tailwindcss_oxide::scanner: Discovering "C:\\Users\\USER\\Desktop\\lms\\frontend\\src\\components\\educator"
2025-11-06T04:03:41.628408Z  INFO get_files:scan_sources: tailwindcss_oxide::scanner: Discovering "C:\\Users\\USER\\Desktop\\lms\\frontend\\src\\components\\educator\\Footer.jsx"
2025-11-06T04:03:41.628452Z  INFO get_files:scan_sources: tailwindcss_oxide::scanner: Discovering "C:\\Users\\USER\\Desktop\\lms\\frontend\\src\\components\\educator\\Navbar.jsx"
2025-11-06T04:03:41.628505Z  INFO get_files:scan_sources: tailwindcss_oxide::scanner: Discovering "C:\\Users\\USER\\Desktop\\lms\\frontend\\src\\components\\educator\\Sidebar.jsx"
2025-11-06T04:03:41.628567Z  INFO get_files:scan_sources: tailwindcss_oxide::scanner: Discovering "C:\\Users\\USER\\Desktop\\lms\\frontend\\src\\components\\Logger.jsx"
2025-11-06T04:03:41.628842Z  INFO get_files:scan_sources: tailwindcss_oxide::scanner: Discovering "C:\\Users\\USER\\Desktop\\lms\\frontend\\src\\components\\SocialIcons.jsx"
2025-11-06T04:03:41.628976Z  INFO get_files:scan_sources: tailwindcss_oxide::scanner: Discovering "C:\\Users\\USER\\Desktop\\lms\\frontend\\src\\components\\students"
2025-11-06T04:03:41.629102Z  INFO get_files:scan_sources: tailwindcss_oxide::scanner: Discovering "C:\\Users\\USER\\Desktop\\lms\\frontend\\src\\components\\students\\CallToAction.jsx"
2025-11-06T04:03:41.629148Z  INFO get_files:scan_sources: tailwindcss_oxide::scanner: Discovering "C:\\Users\\USER\\Desktop\\lms\\frontend\\src\\components\\students\\Companies.jsx"
2025-11-06T04:03:41.629201Z  INFO get_files:scan_sources: tailwindcss_oxide::scanner: Discovering "C:\\Users\\USER\\Desktop\\lms\\frontend\\src\\components\\students\\CourseCard.jsx"
2025-11-06T04:03:41.629244Z  INFO get_files:scan_sources: tailwindcss_oxide::scanner: Discovering "C:\\Users\\USER\\Desktop\\lms\\frontend\\src\\components\\students\\CoursesSection.jsx"
2025-11-06T04:03:41.629286Z  INFO get_files:scan_sources: tailwindcss_oxide::scanner: Discovering "C:\\Users\\USER\\Desktop\\lms\\frontend\\src\\components\\students\\Footer.jsx"
2025-11-06T04:03:41.629327Z  INFO get_files:scan_sources: tailwindcss_oxide::scanner: Discovering "C:\\Users\\USER\\Desktop\\lms\\frontend\\src\\components\\students\\Hero.jsx"
2025-11-06T04:03:41.629369Z  INFO get_files:scan_sources: tailwindcss_oxide::scanner: Discovering "C:\\Users\\USER\\Desktop\\lms\\frontend\\src\\components\\students\\Loading.jsx"
2025-11-06T04:03:41.629410Z  INFO get_files:scan_sources: tailwindcss_oxide::scanner: Discovering "C:\\Users\\USER\\Desktop\\lms\\frontend\\src\\components\\students\\Logger.jsx"
2025-11-06T04:03:41.629450Z  INFO get_files:scan_sources: tailwindcss_oxide::scanner: Discovering "C:\\Users\\USER\\Desktop\\lms\\frontend\\src\\components\\students\\Navbar.jsx"
2025-11-06T04:03:41.629527Z  INFO get_files:scan_sources: tailwindcss_oxide::scanner: Discovering "C:\\Users\\USER\\Desktop\\lms\\frontend\\src\\components\\students\\Rating.jsx"
2025-11-06T04:03:41.629571Z  INFO get_files:scan_sources: tailwindcss_oxide::scanner: Discovering "C:\\Users\\USER\\Desktop\\lms\\frontend\\src\\components\\students\\SearchBar.jsx"
2025-11-06T04:03:41.629622Z  INFO get_files:scan_sources: tailwindcss_oxide::scanner: Discovering "C:\\Users\\USER\\Desktop\\lms\\frontend\\src\\components\\students\\SocialIcons.jsx"
2025-11-06T04:03:41.629669Z  INFO get_files:scan_sources: tailwindcss_oxide::scanner: Discovering "C:\\Users\\USER\\Desktop\\lms\\frontend\\src\\components\\students\\TestimonialsSection.jsx"
2025-11-06T04:03:41.629793Z  INFO get_files:scan_sources: tailwindcss_oxide::scanner: Discovering "C:\\Users\\USER\\Desktop\\lms\\frontend\\src\\context"
2025-11-06T04:03:41.629889Z  INFO get_files:scan_sources: tailwindcss_oxide::scanner: Discovering "C:\\Users\\USER\\Desktop\\lms\\frontend\\src\\context\\AppContext.jsx"
2025-11-06T04:03:41.629946Z  INFO get_files:scan_sources: tailwindcss_oxide::scanner: Discovering "C:\\Users\\USER\\Desktop\\lms\\frontend\\src\\index.css"
2025-11-06T04:03:41.630154Z  INFO get_files:scan_sources: tailwindcss_oxide::scanner: Discovering "C:\\Users\\USER\\Desktop\\lms\\frontend\\src\\main.jsx"
2025-11-06T04:03:41.630240Z  INFO get_files:scan_sources: tailwindcss_oxide::scanner: Discovering "C:\\Users\\USER\\Desktop\\lms\\frontend\\src\\pages"
2025-11-06T04:03:41.630327Z  INFO get_files:scan_sources: tailwindcss_oxide::scanner: Discovering "C:\\Users\\USER\\Desktop\\lms\\frontend\\src\\pages\\AdminDashboard.jsx"
2025-11-06T04:03:41.630394Z  INFO get_files:scan_sources: tailwindcss_oxide::scanner: Discovering "C:\\Users\\USER\\Desktop\\lms\\frontend\\src\\pages\\educator"
2025-11-06T04:03:41.630475Z  INFO get_files:scan_sources: tailwindcss_oxide::scanner: Discovering "C:\\Users\\USER\\Desktop\\lms\\frontend\\src\\pages\\educator\\AddCourse.jsx"
2025-11-06T04:03:41.630515Z  INFO get_files:scan_sources: tailwindcss_oxide::scanner: Discovering "C:\\Users\\USER\\Desktop\\lms\\frontend\\src\\pages\\educator\\Dashboard.jsx"
2025-11-06T04:03:41.630554Z  INFO get_files:scan_sources: tailwindcss_oxide::scanner: Discovering "C:\\Users\\USER\\Desktop\\lms\\frontend\\src\\pages\\educator\\Educator.jsx"
2025-11-06T04:03:41.630592Z  INFO get_files:scan_sources: tailwindcss_oxide::scanner: Discovering "C:\\Users\\USER\\Desktop\\lms\\frontend\\src\\pages\\educator\\MyCourses.jsx"
2025-11-06T04:03:41.630631Z  INFO get_files:scan_sources: tailwindcss_oxide::scanner: Discovering "C:\\Users\\USER\\Desktop\\lms\\frontend\\src\\pages\\educator\\StudentsEnrolled.jsx"
2025-11-06T04:03:41.630711Z  INFO get_files:scan_sources: tailwindcss_oxide::scanner: Discovering "C:\\Users\\USER\\Desktop\\lms\\frontend\\src\\pages\\students"
2025-11-06T04:03:41.630788Z  INFO get_files:scan_sources: tailwindcss_oxide::scanner: Discovering "C:\\Users\\USER\\Desktop\\lms\\frontend\\src\\pages\\students\\CourseDetails.jsx"
2025-11-06T04:03:41.630827Z  INFO get_files:scan_sources: tailwindcss_oxide::scanner: Discovering "C:\\Users\\USER\\Desktop\\lms\\frontend\\src\\pages\\students\\CoursesList.jsx"
2025-11-06T04:03:41.630865Z  INFO get_files:scan_sources: tailwindcss_oxide::scanner: Discovering "C:\\Users\\USER\\Desktop\\lms\\frontend\\src\\pages\\students\\Home.jsx"
2025-11-06T04:03:41.630903Z  INFO get_files:scan_sources: tailwindcss_oxide::scanner: Discovering "C:\\Users\\USER\\Desktop\\lms\\frontend\\src\\pages\\students\\MyEnrollments.jsx"
2025-11-06T04:03:41.630941Z  INFO get_files:scan_sources: tailwindcss_oxide::scanner: Discovering "C:\\Users\\USER\\Desktop\\lms\\frontend\\src\\pages\\students\\Player.jsx"
2025-11-06T04:03:41.631158Z  INFO get_files:scan_sources: tailwindcss_oxide::scanner: Discovering "C:\\Users\\USER\\Desktop\\lms\\frontend\\vercel.json"
2025-11-06T04:03:41.631315Z  INFO get_files:scan_sources: tailwindcss_oxide::scanner: Discovering "C:\\Users\\USER\\Desktop\\lms\\frontend\\vite.config.js"
2025-11-06T04:03:41.631642Z  INFO get_files:scan_sources: tailwindcss_oxide::scanner: exit
2025-11-06T04:03:41.632780Z  INFO get_files: tailwindcss_oxide::scanner: exit
2025-11-06T04:03:41.632841Z  INFO get_globs: tailwindcss_oxide::scanner: enter
2025-11-06T04:03:41.632846Z  INFO get_globs:scan_sources: tailwindcss_oxide::scanner: enter
2025-11-06T04:03:41.634199Z  INFO get_globs:scan_sources: tailwindcss_oxide::scanner: Discovering "C:\\Users\\USER\\Desktop\\lms\\frontend\\public"
2025-11-06T04:03:41.634386Z  INFO get_globs:scan_sources: tailwindcss_oxide::scanner: Discovering "C:\\Users\\USER\\Desktop\\lms\\frontend\\src"
2025-11-06T04:03:41.634555Z  INFO get_globs:scan_sources: tailwindcss_oxide::scanner: Discovering "C:\\Users\\USER\\Desktop\\lms\\frontend\\src\\assets"
2025-11-06T04:03:41.635539Z  INFO get_globs:scan_sources: tailwindcss_oxide::scanner: Discovering "C:\\Users\\USER\\Desktop\\lms\\frontend\\src\\components"
2025-11-06T04:03:41.635688Z  INFO get_globs:scan_sources: tailwindcss_oxide::scanner: Discovering "C:\\Users\\USER\\Desktop\\lms\\frontend\\src\\components\\educator"
2025-11-06T04:03:41.635899Z  INFO get_globs:scan_sources: tailwindcss_oxide::scanner: Discovering "C:\\Users\\USER\\Desktop\\lms\\frontend\\src\\components\\students"
2025-11-06T04:03:41.636290Z  INFO get_globs:scan_sources: tailwindcss_oxide::scanner: Discovering "C:\\Users\\USER\\Desktop\\lms\\frontend\\src\\context"
2025-11-06T04:03:41.636473Z  INFO get_globs:scan_sources: tailwindcss_oxide::scanner: Discovering "C:\\Users\\USER\\Desktop\\lms\\frontend\\src\\pages"
2025-11-06T04:03:41.636594Z  INFO get_globs:scan_sources: tailwindcss_oxide::scanner: Discovering "C:\\Users\\USER\\Desktop\\lms\\frontend\\src\\pages\\educator"
2025-11-06T04:03:41.636806Z  INFO get_globs:scan_sources: tailwindcss_oxide::scanner: Discovering "C:\\Users\\USER\\Desktop\\lms\\frontend\\src\\pages\\students"
2025-11-06T04:03:41.637151Z  INFO get_globs:scan_sources: tailwindcss_oxide::scanner: exit
2025-11-06T04:03:41.641438Z  INFO get_globs: tailwindcss_oxide::scanner: exit
